<?xml version="1.0" encoding="UTF-8"?>
<testng-results ignored="0" total="1" passed="1" failed="0" skipped="0">
  <reporter-output>
  </reporter-output>
  <suite started-at="2022-04-02T03:41:36 EDT" name="TestFSChallenge" finished-at="2022-04-02T03:41:52 EDT" duration-ms="16325">
    <groups>
    </groups>
    <test started-at="2022-04-02T03:41:36 EDT" name="Command line test" finished-at="2022-04-02T03:41:52 EDT" duration-ms="16325">
      <class name="TestFSChallenge">
        <test-method is-config="true" signature="initialiseClass()[pri:0, instance:TestFSChallenge@51399530]" started-at="2022-04-02T03:41:36 EDT" name="initialiseClass" finished-at="2022-04-02T03:41:45 EDT" duration-ms="9865" status="PASS">
          <reporter-output>
          </reporter-output>
        </test-method> <!-- initialiseClass -->
        <test-method is-config="true" signature="setup()[pri:0, instance:TestFSChallenge@51399530]" started-at="2022-04-02T03:41:45 EDT" name="setup" finished-at="2022-04-02T03:41:47 EDT" duration-ms="1214" status="PASS">
          <reporter-output>
          </reporter-output>
        </test-method> <!-- setup -->
        <test-method signature="test()[pri:0, instance:TestFSChallenge@51399530]" started-at="2022-04-02T03:41:47 EDT" name="test" finished-at="2022-04-02T03:41:52 EDT" duration-ms="5004" status="PASS">
          <reporter-output>
          </reporter-output>
        </test-method> <!-- test -->
        <test-method is-config="true" signature="tearDown()[pri:0, instance:TestFSChallenge@51399530]" started-at="2022-04-02T03:41:52 EDT" name="tearDown" finished-at="2022-04-02T03:41:52 EDT" duration-ms="198" status="PASS">
          <reporter-output>
          </reporter-output>
        </test-method> <!-- tearDown -->
      </class> <!-- TestFSChallenge -->
    </test> <!-- Command line test -->
  </suite> <!-- TestFSChallenge -->
</testng-results>
