<?xml version="1.0" encoding="UTF-8"?>
<testng-results ignored="0" total="1" passed="1" failed="0" skipped="0">
  <reporter-output>
  </reporter-output>
  <suite started-at="2022-04-02T03:33:05 EDT" name="TestFSChallenge" finished-at="2022-04-02T03:33:21 EDT" duration-ms="15235">
    <groups>
    </groups>
    <test started-at="2022-04-02T03:33:05 EDT" name="Command line test" finished-at="2022-04-02T03:33:21 EDT" duration-ms="15235">
      <class name="TestFSChallenge">
        <test-method is-config="true" signature="initialiseClass()[pri:0, instance:TestFSChallenge@101df177]" started-at="2022-04-02T03:33:05 EDT" name="initialiseClass" finished-at="2022-04-02T03:33:14 EDT" duration-ms="8754" status="PASS">
          <reporter-output>
          </reporter-output>
        </test-method> <!-- initialiseClass -->
        <test-method is-config="true" signature="setup()[pri:0, instance:TestFSChallenge@101df177]" started-at="2022-04-02T03:33:14 EDT" name="setup" finished-at="2022-04-02T03:33:15 EDT" duration-ms="1198" status="PASS">
          <reporter-output>
          </reporter-output>
        </test-method> <!-- setup -->
        <test-method signature="test()[pri:0, instance:TestFSChallenge@101df177]" started-at="2022-04-02T03:33:15 EDT" name="test" finished-at="2022-04-02T03:33:20 EDT" duration-ms="5007" status="PASS">
          <reporter-output>
          </reporter-output>
        </test-method> <!-- test -->
        <test-method is-config="true" signature="tearDown()[pri:0, instance:TestFSChallenge@101df177]" started-at="2022-04-02T03:33:20 EDT" name="tearDown" finished-at="2022-04-02T03:33:21 EDT" duration-ms="225" status="PASS">
          <reporter-output>
          </reporter-output>
        </test-method> <!-- tearDown -->
      </class> <!-- TestFSChallenge -->
    </test> <!-- Command line test -->
  </suite> <!-- TestFSChallenge -->
</testng-results>
